Determining if the pthread_create exist failed with the following output:
Change Dir: /home/pr2admin/desktop/tutorials/beginner/build/CMakeFiles/CMakeTmp

Run Build Command:"/usr/bin/make" "cmTC_1675a/fast"
/usr/bin/make -f CMakeFiles/cmTC_1675a.dir/build.make CMakeFiles/cmTC_1675a.dir/build
make[1]: Entering directory `/home/pr2admin/desktop/tutorials/beginner/build/CMakeFiles/CMakeTmp'
Building C object CMakeFiles/cmTC_1675a.dir/CheckSymbolExists.c.o
/usr/bin/cc     -o CMakeFiles/cmTC_1675a.dir/CheckSymbolExists.c.o   -c /home/pr2admin/desktop/tutorials/beginner/build/CMakeFiles/CMakeTmp/CheckSymbolExists.c
Linking C executable cmTC_1675a
/opt/cmake/bin/cmake -E cmake_link_script CMakeFiles/cmTC_1675a.dir/link.txt --verbose=1
/usr/bin/cc       CMakeFiles/cmTC_1675a.dir/CheckSymbolExists.c.o  -o cmTC_1675a -rdynamic 
CMakeFiles/cmTC_1675a.dir/CheckSymbolExists.c.o:CheckSymbolExists.c:function main: error: undefined reference to 'pthread_create'
collect2: ld returned 1 exit status
make[1]: *** [cmTC_1675a] Error 1
make[1]: Leaving directory `/home/pr2admin/desktop/tutorials/beginner/build/CMakeFiles/CMakeTmp'
make: *** [cmTC_1675a/fast] Error 2

File /home/pr2admin/desktop/tutorials/beginner/build/CMakeFiles/CMakeTmp/CheckSymbolExists.c:
/* */
#include <pthread.h>

int main(int argc, char** argv)
{
  (void)argv;
#ifndef pthread_create
  return ((int*)(&pthread_create))[argc];
#else
  (void)argc;
  return 0;
#endif
}

Determining if the function pthread_create exists in the pthreads failed with the following output:
Change Dir: /home/pr2admin/desktop/tutorials/beginner/build/CMakeFiles/CMakeTmp

Run Build Command:"/usr/bin/make" "cmTC_bd12f/fast"
/usr/bin/make -f CMakeFiles/cmTC_bd12f.dir/build.make CMakeFiles/cmTC_bd12f.dir/build
make[1]: Entering directory `/home/pr2admin/desktop/tutorials/beginner/build/CMakeFiles/CMakeTmp'
Building C object CMakeFiles/cmTC_bd12f.dir/CheckFunctionExists.c.o
/usr/bin/cc    -DCHECK_FUNCTION_EXISTS=pthread_create   -o CMakeFiles/cmTC_bd12f.dir/CheckFunctionExists.c.o   -c /opt/cmake/share/cmake-3.4/Modules/CheckFunctionExists.c
Linking C executable cmTC_bd12f
/opt/cmake/bin/cmake -E cmake_link_script CMakeFiles/cmTC_bd12f.dir/link.txt --verbose=1
/usr/bin/cc   -DCHECK_FUNCTION_EXISTS=pthread_create    CMakeFiles/cmTC_bd12f.dir/CheckFunctionExists.c.o  -o cmTC_bd12f -rdynamic -lpthreads 
/usr/bin/ld: error: cannot find -lpthreads
CMakeFiles/cmTC_bd12f.dir/CheckFunctionExists.c.o:CheckFunctionExists.c:function main: error: undefined reference to 'pthread_create'
collect2: ld returned 1 exit status
make[1]: *** [cmTC_bd12f] Error 1
make[1]: Leaving directory `/home/pr2admin/desktop/tutorials/beginner/build/CMakeFiles/CMakeTmp'
make: *** [cmTC_bd12f/fast] Error 2


